<?xml version="1.0" encoding="UTF-8"?>
<!-- Generated by org.testng.reporters.JUnitReportReporter -->
<testsuite hostname="dell-PC" name="fouadProjects.gitTest.AppTest" tests="1" failures="0" timestamp="14 Aug 2016 05:35:43 GMT" time="7.239" errors="0">
  <testcase name="guru99tutorials" time="7.239" classname="fouadProjects.gitTest.AppTest"/>
</testsuite> <!-- fouadProjects.gitTest.AppTest -->
